  [1m[35m (1.0ms)[0m  [1m[35mSET NAMES utf8,  @@SESSION.sql_mode = CONCAT(CONCAT(@@sql_mode, ',STRICT_ALL_TABLES'), ',NO_AUTO_VALUE_ON_ZERO'),  @@SESSION.sql_auto_is_null = 0, @@SESSION.wait_timeout = 2147483[0m
  [1m[35m (32.9ms)[0m  [1m[35mCREATE TABLE `schema_migrations` (`version` varchar(255) NOT NULL PRIMARY KEY) ENGINE=InnoDB[0m
  [1m[35m (11.0ms)[0m  [1m[35mCREATE TABLE `ar_internal_metadata` (`key` varchar(255) NOT NULL PRIMARY KEY, `value` varchar(255), `created_at` datetime NOT NULL, `updated_at` datetime NOT NULL) ENGINE=InnoDB[0m
  [1m[35m (1.0ms)[0m  [1m[34mSELECT GET_LOCK('5885339649378256305', 0)[0m
  [1m[35m (1.0ms)[0m  [1m[34mSELECT `schema_migrations`.`version` FROM `schema_migrations` ORDER BY `schema_migrations`.`version` ASC[0m
Migrating to CreateCategories (20200123163335)
  [1m[35m (14.0ms)[0m  [1m[35mCREATE TABLE `categories` (`id` bigint NOT NULL AUTO_INCREMENT PRIMARY KEY, `name` varchar(255), `created_at` datetime NOT NULL, `updated_at` datetime NOT NULL) ENGINE=InnoDB[0m
  [1m[35m (0.0ms)[0m  [1m[35mBEGIN[0m
  [1m[35mSQL (3.0ms)[0m  [1m[32mINSERT INTO `schema_migrations` (`version`) VALUES ('20200123163335')[0m
  [1m[35m (1.0ms)[0m  [1m[35mCOMMIT[0m
Migrating to CreateSources (20200123163349)
  [1m[35m (16.0ms)[0m  [1m[35mCREATE TABLE `sources` (`id` bigint NOT NULL AUTO_INCREMENT PRIMARY KEY, `name` varchar(255), `created_at` datetime NOT NULL, `updated_at` datetime NOT NULL) ENGINE=InnoDB[0m
  [1m[35m (0.0ms)[0m  [1m[35mBEGIN[0m
  [1m[35mSQL (0.0ms)[0m  [1m[32mINSERT INTO `schema_migrations` (`version`) VALUES ('20200123163349')[0m
  [1m[35m (3.0ms)[0m  [1m[35mCOMMIT[0m
Migrating to CreateArticles (20200123163409)
  [1m[35m (23.9ms)[0m  [1m[35mCREATE TABLE `articles` (`id` bigint NOT NULL AUTO_INCREMENT PRIMARY KEY, `title` varchar(255), `url` varchar(255), `source_id` bigint, `category_id` bigint, `created_at` datetime NOT NULL, `updated_at` datetime NOT NULL,  INDEX `index_articles_on_source_id`  (`source_id`),  INDEX `index_articles_on_category_id`  (`category_id`), CONSTRAINT `fk_rails_25087a080c`
FOREIGN KEY (`source_id`)
  REFERENCES `sources` (`id`)
, CONSTRAINT `fk_rails_af09d53ead`
FOREIGN KEY (`category_id`)
  REFERENCES `categories` (`id`)
) ENGINE=InnoDB[0m
  [1m[35m (0.0ms)[0m  [1m[35mBEGIN[0m
  [1m[35mSQL (1.0ms)[0m  [1m[32mINSERT INTO `schema_migrations` (`version`) VALUES ('20200123163409')[0m
  [1m[35m (3.0ms)[0m  [1m[35mCOMMIT[0m
  [1m[36mActiveRecord::InternalMetadata Load (1.0ms)[0m  [1m[34mSELECT  `ar_internal_metadata`.* FROM `ar_internal_metadata` WHERE `ar_internal_metadata`.`key` = 'environment' LIMIT 1[0m
  [1m[35m (0.0ms)[0m  [1m[35mBEGIN[0m
  [1m[35mSQL (1.0ms)[0m  [1m[32mINSERT INTO `ar_internal_metadata` (`key`, `value`, `created_at`, `updated_at`) VALUES ('environment', 'development', '2020-01-23 17:34:58', '2020-01-23 17:34:58')[0m
  [1m[35m (2.0ms)[0m  [1m[35mCOMMIT[0m
  [1m[35m (0.0ms)[0m  [1m[34mSELECT RELEASE_LOCK('5885339649378256305')[0m
  [1m[35m (0.0ms)[0m  [1m[34mSELECT `schema_migrations`.`version` FROM `schema_migrations` ORDER BY `schema_migrations`.`version` ASC[0m
Started GET "/categories/index.json" for ::1 at 2020-01-23 12:46:12 -0500
  [1m[35m (0.0ms)[0m  [1m[35mSET NAMES utf8,  @@SESSION.sql_mode = CONCAT(CONCAT(@@sql_mode, ',STRICT_ALL_TABLES'), ',NO_AUTO_VALUE_ON_ZERO'),  @@SESSION.sql_auto_is_null = 0, @@SESSION.wait_timeout = 2147483[0m
  [1m[35m (1.0ms)[0m  [1m[34mSELECT `schema_migrations`.`version` FROM `schema_migrations` ORDER BY `schema_migrations`.`version` ASC[0m
  
AbstractController::ActionNotFound (The action 'show' could not be found for CategoriesController):
  
actionpack (5.1.7) lib/abstract_controller/base.rb:119:in `process'
actionview (5.1.7) lib/action_view/rendering.rb:30:in `process'
actionpack (5.1.7) lib/action_controller/metal.rb:189:in `dispatch'
actionpack (5.1.7) lib/action_controller/metal.rb:253:in `dispatch'
actionpack (5.1.7) lib/action_dispatch/routing/route_set.rb:49:in `dispatch'
actionpack (5.1.7) lib/action_dispatch/routing/route_set.rb:31:in `serve'
actionpack (5.1.7) lib/action_dispatch/journey/router.rb:50:in `block in serve'
actionpack (5.1.7) lib/action_dispatch/journey/router.rb:33:in `each'
actionpack (5.1.7) lib/action_dispatch/journey/router.rb:33:in `serve'
actionpack (5.1.7) lib/action_dispatch/routing/route_set.rb:844:in `call'
rack (2.1.1) lib/rack/etag.rb:27:in `call'
rack (2.1.1) lib/rack/conditional_get.rb:27:in `call'
rack (2.1.1) lib/rack/head.rb:14:in `call'
activerecord (5.1.7) lib/active_record/migration.rb:556:in `call'
actionpack (5.1.7) lib/action_dispatch/middleware/callbacks.rb:26:in `block in call'
activesupport (5.1.7) lib/active_support/callbacks.rb:97:in `run_callbacks'
actionpack (5.1.7) lib/action_dispatch/middleware/callbacks.rb:24:in `call'
actionpack (5.1.7) lib/action_dispatch/middleware/executor.rb:12:in `call'
actionpack (5.1.7) lib/action_dispatch/middleware/debug_exceptions.rb:59:in `call'
actionpack (5.1.7) lib/action_dispatch/middleware/show_exceptions.rb:31:in `call'
railties (5.1.7) lib/rails/rack/logger.rb:36:in `call_app'
railties (5.1.7) lib/rails/rack/logger.rb:24:in `block in call'
activesupport (5.1.7) lib/active_support/tagged_logging.rb:69:in `block in tagged'
activesupport (5.1.7) lib/active_support/tagged_logging.rb:26:in `tagged'
activesupport (5.1.7) lib/active_support/tagged_logging.rb:69:in `tagged'
railties (5.1.7) lib/rails/rack/logger.rb:24:in `call'
actionpack (5.1.7) lib/action_dispatch/middleware/remote_ip.rb:79:in `call'
actionpack (5.1.7) lib/action_dispatch/middleware/request_id.rb:25:in `call'
rack (2.1.1) lib/rack/runtime.rb:24:in `call'
activesupport (5.1.7) lib/active_support/cache/strategy/local_cache_middleware.rb:27:in `call'
actionpack (5.1.7) lib/action_dispatch/middleware/executor.rb:12:in `call'
actionpack (5.1.7) lib/action_dispatch/middleware/static.rb:125:in `call'
rack (2.1.1) lib/rack/sendfile.rb:113:in `call'
railties (5.1.7) lib/rails/engine.rb:522:in `call'
puma (3.12.2) lib/puma/configuration.rb:227:in `call'
puma (3.12.2) lib/puma/server.rb:674:in `handle_request'
puma (3.12.2) lib/puma/server.rb:476:in `process_client'
puma (3.12.2) lib/puma/server.rb:334:in `block in run'
puma (3.12.2) lib/puma/thread_pool.rb:135:in `block in spawn_thread'
Started GET "/articles/index.json" for ::1 at 2020-01-23 21:30:08 -0500
  [1m[35m (1.0ms)[0m  [1m[35mSET NAMES utf8,  @@SESSION.sql_mode = CONCAT(CONCAT(@@sql_mode, ',STRICT_ALL_TABLES'), ',NO_AUTO_VALUE_ON_ZERO'),  @@SESSION.sql_auto_is_null = 0, @@SESSION.wait_timeout = 2147483[0m
  [1m[35m (1.0ms)[0m  [1m[34mSELECT `schema_migrations`.`version` FROM `schema_migrations` ORDER BY `schema_migrations`.`version` ASC[0m
  
AbstractController::ActionNotFound (The action 'show' could not be found for ArticlesController):
  
actionpack (5.1.7) lib/abstract_controller/base.rb:119:in `process'
actionview (5.1.7) lib/action_view/rendering.rb:30:in `process'
actionpack (5.1.7) lib/action_controller/metal.rb:189:in `dispatch'
actionpack (5.1.7) lib/action_controller/metal.rb:253:in `dispatch'
actionpack (5.1.7) lib/action_dispatch/routing/route_set.rb:49:in `dispatch'
actionpack (5.1.7) lib/action_dispatch/routing/route_set.rb:31:in `serve'
actionpack (5.1.7) lib/action_dispatch/journey/router.rb:50:in `block in serve'
actionpack (5.1.7) lib/action_dispatch/journey/router.rb:33:in `each'
actionpack (5.1.7) lib/action_dispatch/journey/router.rb:33:in `serve'
actionpack (5.1.7) lib/action_dispatch/routing/route_set.rb:844:in `call'
rack (2.1.1) lib/rack/etag.rb:27:in `call'
rack (2.1.1) lib/rack/conditional_get.rb:27:in `call'
rack (2.1.1) lib/rack/head.rb:14:in `call'
activerecord (5.1.7) lib/active_record/migration.rb:556:in `call'
actionpack (5.1.7) lib/action_dispatch/middleware/callbacks.rb:26:in `block in call'
activesupport (5.1.7) lib/active_support/callbacks.rb:97:in `run_callbacks'
actionpack (5.1.7) lib/action_dispatch/middleware/callbacks.rb:24:in `call'
actionpack (5.1.7) lib/action_dispatch/middleware/executor.rb:12:in `call'
actionpack (5.1.7) lib/action_dispatch/middleware/debug_exceptions.rb:59:in `call'
actionpack (5.1.7) lib/action_dispatch/middleware/show_exceptions.rb:31:in `call'
railties (5.1.7) lib/rails/rack/logger.rb:36:in `call_app'
railties (5.1.7) lib/rails/rack/logger.rb:24:in `block in call'
activesupport (5.1.7) lib/active_support/tagged_logging.rb:69:in `block in tagged'
activesupport (5.1.7) lib/active_support/tagged_logging.rb:26:in `tagged'
activesupport (5.1.7) lib/active_support/tagged_logging.rb:69:in `tagged'
railties (5.1.7) lib/rails/rack/logger.rb:24:in `call'
actionpack (5.1.7) lib/action_dispatch/middleware/remote_ip.rb:79:in `call'
actionpack (5.1.7) lib/action_dispatch/middleware/request_id.rb:25:in `call'
rack (2.1.1) lib/rack/runtime.rb:24:in `call'
activesupport (5.1.7) lib/active_support/cache/strategy/local_cache_middleware.rb:27:in `call'
actionpack (5.1.7) lib/action_dispatch/middleware/executor.rb:12:in `call'
actionpack (5.1.7) lib/action_dispatch/middleware/static.rb:125:in `call'
rack (2.1.1) lib/rack/sendfile.rb:113:in `call'
railties (5.1.7) lib/rails/engine.rb:522:in `call'
puma (3.12.2) lib/puma/configuration.rb:227:in `call'
puma (3.12.2) lib/puma/server.rb:674:in `handle_request'
puma (3.12.2) lib/puma/server.rb:476:in `process_client'
puma (3.12.2) lib/puma/server.rb:334:in `block in run'
puma (3.12.2) lib/puma/thread_pool.rb:135:in `block in spawn_thread'
Started GET "/articles.json" for ::1 at 2020-01-23 21:31:08 -0500
Processing by ArticlesController#index as JSON
  Rendering articles/index.json.jbuilder
  [1m[35m (0.0ms)[0m  [1m[35mSET NAMES utf8,  @@SESSION.sql_mode = CONCAT(CONCAT(@@sql_mode, ',STRICT_ALL_TABLES'), ',NO_AUTO_VALUE_ON_ZERO'),  @@SESSION.sql_auto_is_null = 0, @@SESSION.wait_timeout = 2147483[0m
  [1m[36mArticle Load (1.0ms)[0m  [1m[34mSELECT `articles`.* FROM `articles`[0m
  Rendered articles/index.json.jbuilder (36.0ms)
Completed 200 OK in 89ms (Views: 56.4ms | ActiveRecord: 3.0ms)


Started GET "/articles/index.json" for ::1 at 2020-01-23 21:31:54 -0500
  
AbstractController::ActionNotFound (The action 'show' could not be found for ArticlesController):
  
actionpack (5.1.7) lib/abstract_controller/base.rb:119:in `process'
actionview (5.1.7) lib/action_view/rendering.rb:30:in `process'
actionpack (5.1.7) lib/action_controller/metal.rb:189:in `dispatch'
actionpack (5.1.7) lib/action_controller/metal.rb:253:in `dispatch'
actionpack (5.1.7) lib/action_dispatch/routing/route_set.rb:49:in `dispatch'
actionpack (5.1.7) lib/action_dispatch/routing/route_set.rb:31:in `serve'
actionpack (5.1.7) lib/action_dispatch/journey/router.rb:50:in `block in serve'
actionpack (5.1.7) lib/action_dispatch/journey/router.rb:33:in `each'
actionpack (5.1.7) lib/action_dispatch/journey/router.rb:33:in `serve'
actionpack (5.1.7) lib/action_dispatch/routing/route_set.rb:844:in `call'
rack (2.1.1) lib/rack/etag.rb:27:in `call'
rack (2.1.1) lib/rack/conditional_get.rb:27:in `call'
rack (2.1.1) lib/rack/head.rb:14:in `call'
activerecord (5.1.7) lib/active_record/migration.rb:556:in `call'
actionpack (5.1.7) lib/action_dispatch/middleware/callbacks.rb:26:in `block in call'
activesupport (5.1.7) lib/active_support/callbacks.rb:97:in `run_callbacks'
actionpack (5.1.7) lib/action_dispatch/middleware/callbacks.rb:24:in `call'
actionpack (5.1.7) lib/action_dispatch/middleware/executor.rb:12:in `call'
actionpack (5.1.7) lib/action_dispatch/middleware/debug_exceptions.rb:59:in `call'
actionpack (5.1.7) lib/action_dispatch/middleware/show_exceptions.rb:31:in `call'
railties (5.1.7) lib/rails/rack/logger.rb:36:in `call_app'
railties (5.1.7) lib/rails/rack/logger.rb:24:in `block in call'
activesupport (5.1.7) lib/active_support/tagged_logging.rb:69:in `block in tagged'
activesupport (5.1.7) lib/active_support/tagged_logging.rb:26:in `tagged'
activesupport (5.1.7) lib/active_support/tagged_logging.rb:69:in `tagged'
railties (5.1.7) lib/rails/rack/logger.rb:24:in `call'
actionpack (5.1.7) lib/action_dispatch/middleware/remote_ip.rb:79:in `call'
actionpack (5.1.7) lib/action_dispatch/middleware/request_id.rb:25:in `call'
rack (2.1.1) lib/rack/runtime.rb:24:in `call'
activesupport (5.1.7) lib/active_support/cache/strategy/local_cache_middleware.rb:27:in `call'
actionpack (5.1.7) lib/action_dispatch/middleware/executor.rb:12:in `call'
actionpack (5.1.7) lib/action_dispatch/middleware/static.rb:125:in `call'
rack (2.1.1) lib/rack/sendfile.rb:113:in `call'
railties (5.1.7) lib/rails/engine.rb:522:in `call'
puma (3.12.2) lib/puma/configuration.rb:227:in `call'
puma (3.12.2) lib/puma/server.rb:674:in `handle_request'
puma (3.12.2) lib/puma/server.rb:476:in `process_client'
puma (3.12.2) lib/puma/server.rb:334:in `block in run'
puma (3.12.2) lib/puma/thread_pool.rb:135:in `block in spawn_thread'
Started GET "/articles.json" for ::1 at 2020-01-23 21:34:26 -0500
Processing by ArticlesController#index as JSON
  Rendering articles/index.json.jbuilder
  [1m[36mArticle Load (1.0ms)[0m  [1m[34mSELECT `articles`.* FROM `articles`[0m
  Rendered articles/index.json.jbuilder (39.0ms)
Completed 200 OK in 77ms (Views: 55.5ms | ActiveRecord: 1.0ms)


Started GET "/articles.json" for ::1 at 2020-01-23 21:37:40 -0500
Processing by ArticlesController#index as JSON
  Rendering articles/index.json.jbuilder
  [1m[36mArticle Load (1.0ms)[0m  [1m[34mSELECT `articles`.* FROM `articles`[0m
  Rendered articles/index.json.jbuilder (30.6ms)
Completed 200 OK in 70ms (Views: 50.8ms | ActiveRecord: 1.0ms)


Started GET "/categories.json" for ::1 at 2020-01-23 21:37:50 -0500
Processing by CategoriesController#index as JSON
  Rendering categories/index.json.jbuilder
  [1m[36mCategory Load (1.0ms)[0m  [1m[34mSELECT `categories`.* FROM `categories`[0m
  Rendered categories/index.json.jbuilder (34.6ms)
Completed 200 OK in 74ms (Views: 50.2ms | ActiveRecord: 3.0ms)


  [1m[35m (1.0ms)[0m  [1m[35mSET NAMES utf8,  @@SESSION.sql_mode = CONCAT(CONCAT(@@sql_mode, ',STRICT_ALL_TABLES'), ',NO_AUTO_VALUE_ON_ZERO'),  @@SESSION.sql_auto_is_null = 0, @@SESSION.wait_timeout = 2147483[0m
  [1m[35m (0.8ms)[0m  [1m[34mSELECT `schema_migrations`.`version` FROM `schema_migrations` ORDER BY `schema_migrations`.`version` ASC[0m
  [1m[35m (0.0ms)[0m  [1m[35mBEGIN[0m
  [1m[35mSQL (26.1ms)[0m  [1m[32mINSERT INTO `categories` (`name`, `created_at`, `updated_at`) VALUES ('neque', '2020-01-24 02:41:57', '2020-01-24 02:41:57')[0m
  [1m[35m (3.0ms)[0m  [1m[35mCOMMIT[0m
  [1m[35m (0.0ms)[0m  [1m[35mBEGIN[0m
  [1m[35mSQL (1.0ms)[0m  [1m[32mINSERT INTO `categories` (`name`, `created_at`, `updated_at`) VALUES ('commodi', '2020-01-24 02:41:57', '2020-01-24 02:41:57')[0m
  [1m[35m (2.0ms)[0m  [1m[35mCOMMIT[0m
  [1m[35m (0.0ms)[0m  [1m[35mBEGIN[0m
  [1m[35mSQL (1.0ms)[0m  [1m[32mINSERT INTO `categories` (`name`, `created_at`, `updated_at`) VALUES ('a', '2020-01-24 02:41:57', '2020-01-24 02:41:57')[0m
  [1m[35m (1.0ms)[0m  [1m[35mCOMMIT[0m
  [1m[35m (0.0ms)[0m  [1m[35mBEGIN[0m
  [1m[35mSQL (1.0ms)[0m  [1m[32mINSERT INTO `categories` (`name`, `created_at`, `updated_at`) VALUES ('modi', '2020-01-24 02:41:57', '2020-01-24 02:41:57')[0m
  [1m[35m (1.0ms)[0m  [1m[35mCOMMIT[0m
  [1m[35m (0.0ms)[0m  [1m[35mBEGIN[0m
  [1m[35mSQL (0.0ms)[0m  [1m[32mINSERT INTO `categories` (`name`, `created_at`, `updated_at`) VALUES ('corrupti', '2020-01-24 02:41:57', '2020-01-24 02:41:57')[0m
  [1m[35m (4.0ms)[0m  [1m[35mCOMMIT[0m
  [1m[35m (0.0ms)[0m  [1m[35mBEGIN[0m
  [1m[35mSQL (0.0ms)[0m  [1m[32mINSERT INTO `categories` (`name`, `created_at`, `updated_at`) VALUES ('vero', '2020-01-24 02:41:57', '2020-01-24 02:41:57')[0m
  [1m[35m (2.0ms)[0m  [1m[35mCOMMIT[0m
  [1m[35m (0.0ms)[0m  [1m[35mBEGIN[0m
  [1m[35mSQL (1.0ms)[0m  [1m[32mINSERT INTO `categories` (`name`, `created_at`, `updated_at`) VALUES ('debitis', '2020-01-24 02:41:57', '2020-01-24 02:41:57')[0m
  [1m[35m (1.0ms)[0m  [1m[35mCOMMIT[0m
  [1m[35m (0.0ms)[0m  [1m[35mBEGIN[0m
  [1m[35mSQL (0.0ms)[0m  [1m[32mINSERT INTO `categories` (`name`, `created_at`, `updated_at`) VALUES ('unde', '2020-01-24 02:41:57', '2020-01-24 02:41:57')[0m
  [1m[35m (1.0ms)[0m  [1m[35mCOMMIT[0m
  [1m[35m (0.0ms)[0m  [1m[35mBEGIN[0m
  [1m[35mSQL (0.0ms)[0m  [1m[32mINSERT INTO `categories` (`name`, `created_at`, `updated_at`) VALUES ('et', '2020-01-24 02:41:57', '2020-01-24 02:41:57')[0m
  [1m[35m (1.0ms)[0m  [1m[35mCOMMIT[0m
  [1m[35m (0.0ms)[0m  [1m[35mBEGIN[0m
  [1m[35mSQL (1.0ms)[0m  [1m[32mINSERT INTO `categories` (`name`, `created_at`, `updated_at`) VALUES ('id', '2020-01-24 02:41:57', '2020-01-24 02:41:57')[0m
  [1m[35m (1.0ms)[0m  [1m[35mCOMMIT[0m
  [1m[35m (0.0ms)[0m  [1m[35mBEGIN[0m
  [1m[35mSQL (1.0ms)[0m  [1m[32mINSERT INTO `sources` (`name`, `created_at`, `updated_at`) VALUES ('Veum-Howe', '2020-01-24 02:41:57', '2020-01-24 02:41:57')[0m
  [1m[35m (2.0ms)[0m  [1m[35mCOMMIT[0m
  [1m[35m (1.0ms)[0m  [1m[35mBEGIN[0m
  [1m[35mSQL (1.0ms)[0m  [1m[32mINSERT INTO `sources` (`name`, `created_at`, `updated_at`) VALUES ('Emard, Wolff and Gleichner', '2020-01-24 02:41:57', '2020-01-24 02:41:57')[0m
  [1m[35m (2.0ms)[0m  [1m[35mCOMMIT[0m
  [1m[35m (0.0ms)[0m  [1m[35mBEGIN[0m
  [1m[35mSQL (1.0ms)[0m  [1m[32mINSERT INTO `sources` (`name`, `created_at`, `updated_at`) VALUES ('Schmidt-Pacocha', '2020-01-24 02:41:57', '2020-01-24 02:41:57')[0m
  [1m[35m (2.0ms)[0m  [1m[35mCOMMIT[0m
  [1m[35m (0.0ms)[0m  [1m[35mBEGIN[0m
  [1m[35mSQL (0.0ms)[0m  [1m[32mINSERT INTO `sources` (`name`, `created_at`, `updated_at`) VALUES ('Volkman, Runolfsson and Lakin', '2020-01-24 02:41:57', '2020-01-24 02:41:57')[0m
  [1m[35m (2.0ms)[0m  [1m[35mCOMMIT[0m
  [1m[35m (0.0ms)[0m  [1m[35mBEGIN[0m
  [1m[35mSQL (1.0ms)[0m  [1m[32mINSERT INTO `sources` (`name`, `created_at`, `updated_at`) VALUES ('Ferry-Abernathy', '2020-01-24 02:41:57', '2020-01-24 02:41:57')[0m
  [1m[35m (1.0ms)[0m  [1m[35mCOMMIT[0m
  [1m[35m (0.0ms)[0m  [1m[35mBEGIN[0m
  [1m[35mSQL (0.0ms)[0m  [1m[32mINSERT INTO `sources` (`name`, `created_at`, `updated_at`) VALUES ('Brekke Inc', '2020-01-24 02:41:57', '2020-01-24 02:41:57')[0m
  [1m[35m (1.0ms)[0m  [1m[35mCOMMIT[0m
  [1m[35m (0.0ms)[0m  [1m[35mBEGIN[0m
  [1m[35mSQL (0.0ms)[0m  [1m[32mINSERT INTO `sources` (`name`, `created_at`, `updated_at`) VALUES ('Reichel-Huel', '2020-01-24 02:41:57', '2020-01-24 02:41:57')[0m
  [1m[35m (1.0ms)[0m  [1m[35mCOMMIT[0m
  [1m[35m (0.0ms)[0m  [1m[35mBEGIN[0m
  [1m[35mSQL (0.0ms)[0m  [1m[32mINSERT INTO `sources` (`name`, `created_at`, `updated_at`) VALUES ('Mueller-Mosciski', '2020-01-24 02:41:57', '2020-01-24 02:41:57')[0m
  [1m[35m (1.0ms)[0m  [1m[35mCOMMIT[0m
  [1m[35m (0.0ms)[0m  [1m[35mBEGIN[0m
  [1m[35mSQL (1.0ms)[0m  [1m[32mINSERT INTO `sources` (`name`, `created_at`, `updated_at`) VALUES ('Blanda, Wolf and Kiehn', '2020-01-24 02:41:57', '2020-01-24 02:41:57')[0m
  [1m[35m (1.0ms)[0m  [1m[35mCOMMIT[0m
  [1m[35m (0.0ms)[0m  [1m[35mBEGIN[0m
  [1m[35mSQL (0.0ms)[0m  [1m[32mINSERT INTO `sources` (`name`, `created_at`, `updated_at`) VALUES ('Hansen, Donnelly and Schultz', '2020-01-24 02:41:57', '2020-01-24 02:41:57')[0m
  [1m[35m (2.0ms)[0m  [1m[35mCOMMIT[0m
  [1m[36mCategory Load (0.0ms)[0m  [1m[34mSELECT `categories`.* FROM `categories`[0m
  [1m[36mSource Load (1.0ms)[0m  [1m[34mSELECT `sources`.* FROM `sources`[0m
  [1m[35m (0.0ms)[0m  [1m[35mBEGIN[0m
  [1m[35mSQL (1.0ms)[0m  [1m[32mINSERT INTO `articles` (`title`, `url`, `source_id`, `category_id`, `created_at`, `updated_at`) VALUES ('Qui quo hic occaecati.', 'http://volkman.co/roslyn', 2, 2, '2020-01-24 02:41:57', '2020-01-24 02:41:57')[0m
  [1m[35m (2.0ms)[0m  [1m[35mCOMMIT[0m
  [1m[36mCategory Load (0.0ms)[0m  [1m[34mSELECT `categories`.* FROM `categories`[0m
  [1m[36mSource Load (0.0ms)[0m  [1m[34mSELECT `sources`.* FROM `sources`[0m
  [1m[35m (0.0ms)[0m  [1m[35mBEGIN[0m
  [1m[35mSQL (0.0ms)[0m  [1m[32mINSERT INTO `articles` (`title`, `url`, `source_id`, `category_id`, `created_at`, `updated_at`) VALUES ('Vero ipsam optio qui.', 'http://brekke.io/eloy.stokes', 6, 1, '2020-01-24 02:41:57', '2020-01-24 02:41:57')[0m
  [1m[35m (1.0ms)[0m  [1m[35mCOMMIT[0m
  [1m[36mCategory Load (1.0ms)[0m  [1m[34mSELECT `categories`.* FROM `categories`[0m
  [1m[36mSource Load (0.0ms)[0m  [1m[34mSELECT `sources`.* FROM `sources`[0m
  [1m[35m (0.0ms)[0m  [1m[35mBEGIN[0m
  [1m[35mSQL (1.0ms)[0m  [1m[32mINSERT INTO `articles` (`title`, `url`, `source_id`, `category_id`, `created_at`, `updated_at`) VALUES ('Hic qui minima cumque.', 'http://koepp.io/valentine_ruecker', 9, 10, '2020-01-24 02:41:57', '2020-01-24 02:41:57')[0m
  [1m[35m (1.0ms)[0m  [1m[35mCOMMIT[0m
  [1m[36mCategory Load (1.0ms)[0m  [1m[34mSELECT `categories`.* FROM `categories`[0m
  [1m[36mSource Load (0.0ms)[0m  [1m[34mSELECT `sources`.* FROM `sources`[0m
  [1m[35m (0.0ms)[0m  [1m[35mBEGIN[0m
  [1m[35mSQL (0.0ms)[0m  [1m[32mINSERT INTO `articles` (`title`, `url`, `source_id`, `category_id`, `created_at`, `updated_at`) VALUES ('Totam possimus est occaecati.', 'http://bergstrom.io/tasia.schuppe', 9, 2, '2020-01-24 02:41:57', '2020-01-24 02:41:57')[0m
  [1m[35m (1.0ms)[0m  [1m[35mCOMMIT[0m
  [1m[36mCategory Load (0.0ms)[0m  [1m[34mSELECT `categories`.* FROM `categories`[0m
  [1m[36mSource Load (0.0ms)[0m  [1m[34mSELECT `sources`.* FROM `sources`[0m
  [1m[35m (0.0ms)[0m  [1m[35mBEGIN[0m
  [1m[35mSQL (0.0ms)[0m  [1m[32mINSERT INTO `articles` (`title`, `url`, `source_id`, `category_id`, `created_at`, `updated_at`) VALUES ('Facilis eius ducimus quas.', 'http://schuster.net/tianna.heaney', 10, 9, '2020-01-24 02:41:57', '2020-01-24 02:41:57')[0m
  [1m[35m (1.0ms)[0m  [1m[35mCOMMIT[0m
  [1m[36mCategory Load (0.0ms)[0m  [1m[34mSELECT `categories`.* FROM `categories`[0m
  [1m[36mSource Load (0.0ms)[0m  [1m[34mSELECT `sources`.* FROM `sources`[0m
  [1m[35m (0.0ms)[0m  [1m[35mBEGIN[0m
  [1m[35mSQL (0.0ms)[0m  [1m[32mINSERT INTO `articles` (`title`, `url`, `source_id`, `category_id`, `created_at`, `updated_at`) VALUES ('Error et modi atque.', 'http://koelpin.biz/mickey.stanton', 5, 5, '2020-01-24 02:41:57', '2020-01-24 02:41:57')[0m
  [1m[35m (1.0ms)[0m  [1m[35mCOMMIT[0m
  [1m[36mCategory Load (0.0ms)[0m  [1m[34mSELECT `categories`.* FROM `categories`[0m
  [1m[36mSource Load (0.0ms)[0m  [1m[34mSELECT `sources`.* FROM `sources`[0m
  [1m[35m (0.0ms)[0m  [1m[35mBEGIN[0m
  [1m[35mSQL (0.0ms)[0m  [1m[32mINSERT INTO `articles` (`title`, `url`, `source_id`, `category_id`, `created_at`, `updated_at`) VALUES ('Qui a laudantium eos.', 'http://koch.co/bernetta', 2, 7, '2020-01-24 02:41:57', '2020-01-24 02:41:57')[0m
  [1m[35m (2.0ms)[0m  [1m[35mCOMMIT[0m
  [1m[36mCategory Load (0.0ms)[0m  [1m[34mSELECT `categories`.* FROM `categories`[0m
  [1m[36mSource Load (0.0ms)[0m  [1m[34mSELECT `sources`.* FROM `sources`[0m
  [1m[35m (1.0ms)[0m  [1m[35mBEGIN[0m
  [1m[35mSQL (1.0ms)[0m  [1m[32mINSERT INTO `articles` (`title`, `url`, `source_id`, `category_id`, `created_at`, `updated_at`) VALUES ('Aut rerum sunt porro.', 'http://nolanhilll.com/ruthanne', 8, 10, '2020-01-24 02:41:57', '2020-01-24 02:41:57')[0m
  [1m[35m (1.0ms)[0m  [1m[35mCOMMIT[0m
  [1m[36mCategory Load (0.0ms)[0m  [1m[34mSELECT `categories`.* FROM `categories`[0m
  [1m[36mSource Load (0.0ms)[0m  [1m[34mSELECT `sources`.* FROM `sources`[0m
  [1m[35m (1.0ms)[0m  [1m[35mBEGIN[0m
  [1m[35mSQL (1.0ms)[0m  [1m[32mINSERT INTO `articles` (`title`, `url`, `source_id`, `category_id`, `created_at`, `updated_at`) VALUES ('Qui ex illo veniam.', 'http://lubowitz.org/jaclyn', 7, 4, '2020-01-24 02:41:57', '2020-01-24 02:41:57')[0m
  [1m[35m (1.0ms)[0m  [1m[35mCOMMIT[0m
  [1m[36mCategory Load (1.0ms)[0m  [1m[34mSELECT `categories`.* FROM `categories`[0m
  [1m[36mSource Load (0.0ms)[0m  [1m[34mSELECT `sources`.* FROM `sources`[0m
  [1m[35m (0.0ms)[0m  [1m[35mBEGIN[0m
  [1m[35mSQL (0.0ms)[0m  [1m[32mINSERT INTO `articles` (`title`, `url`, `source_id`, `category_id`, `created_at`, `updated_at`) VALUES ('Omnis qui omnis rem.', 'http://lynchbashirian.co/derick', 8, 2, '2020-01-24 02:41:57', '2020-01-24 02:41:57')[0m
  [1m[35m (1.0ms)[0m  [1m[35mCOMMIT[0m
  [1m[36mCategory Load (0.0ms)[0m  [1m[34mSELECT `categories`.* FROM `categories`[0m
  [1m[36mSource Load (0.0ms)[0m  [1m[34mSELECT `sources`.* FROM `sources`[0m
  [1m[35m (0.0ms)[0m  [1m[35mBEGIN[0m
  [1m[35mSQL (1.0ms)[0m  [1m[32mINSERT INTO `articles` (`title`, `url`, `source_id`, `category_id`, `created_at`, `updated_at`) VALUES ('Dolores dolorem ab est.', 'http://doyle.name/mindy.kuhn', 4, 9, '2020-01-24 02:41:57', '2020-01-24 02:41:57')[0m
  [1m[35m (1.0ms)[0m  [1m[35mCOMMIT[0m
  [1m[36mCategory Load (1.0ms)[0m  [1m[34mSELECT `categories`.* FROM `categories`[0m
  [1m[36mSource Load (0.0ms)[0m  [1m[34mSELECT `sources`.* FROM `sources`[0m
  [1m[35m (0.0ms)[0m  [1m[35mBEGIN[0m
  [1m[35mSQL (0.0ms)[0m  [1m[32mINSERT INTO `articles` (`title`, `url`, `source_id`, `category_id`, `created_at`, `updated_at`) VALUES ('Cupiditate qui deserunt aut.', 'http://dickens.co/everette', 7, 4, '2020-01-24 02:41:57', '2020-01-24 02:41:57')[0m
  [1m[35m (1.0ms)[0m  [1m[35mCOMMIT[0m
  [1m[36mCategory Load (0.0ms)[0m  [1m[34mSELECT `categories`.* FROM `categories`[0m
  [1m[36mSource Load (0.0ms)[0m  [1m[34mSELECT `sources`.* FROM `sources`[0m
  [1m[35m (0.0ms)[0m  [1m[35mBEGIN[0m
  [1m[35mSQL (1.0ms)[0m  [1m[32mINSERT INTO `articles` (`title`, `url`, `source_id`, `category_id`, `created_at`, `updated_at`) VALUES ('Quos id rem facilis.', 'http://olson.com/calvin_hamill', 9, 2, '2020-01-24 02:41:57', '2020-01-24 02:41:57')[0m
  [1m[35m (1.0ms)[0m  [1m[35mCOMMIT[0m
  [1m[36mCategory Load (0.0ms)[0m  [1m[34mSELECT `categories`.* FROM `categories`[0m
  [1m[36mSource Load (1.0ms)[0m  [1m[34mSELECT `sources`.* FROM `sources`[0m
  [1m[35m (0.0ms)[0m  [1m[35mBEGIN[0m
  [1m[35mSQL (0.0ms)[0m  [1m[32mINSERT INTO `articles` (`title`, `url`, `source_id`, `category_id`, `created_at`, `updated_at`) VALUES ('Quia nesciunt et omnis.', 'http://stiedemann.org/adele', 4, 4, '2020-01-24 02:41:57', '2020-01-24 02:41:57')[0m
  [1m[35m (1.0ms)[0m  [1m[35mCOMMIT[0m
  [1m[36mCategory Load (0.0ms)[0m  [1m[34mSELECT `categories`.* FROM `categories`[0m
  [1m[36mSource Load (0.0ms)[0m  [1m[34mSELECT `sources`.* FROM `sources`[0m
  [1m[35m (1.0ms)[0m  [1m[35mBEGIN[0m
  [1m[35mSQL (0.0ms)[0m  [1m[32mINSERT INTO `articles` (`title`, `url`, `source_id`, `category_id`, `created_at`, `updated_at`) VALUES ('Labore dolorem culpa nulla.', 'http://mcglynn.org/odell', 9, 6, '2020-01-24 02:41:57', '2020-01-24 02:41:57')[0m
  [1m[35m (1.0ms)[0m  [1m[35mCOMMIT[0m
  [1m[36mCategory Load (0.0ms)[0m  [1m[34mSELECT `categories`.* FROM `categories`[0m
  [1m[36mSource Load (0.0ms)[0m  [1m[34mSELECT `sources`.* FROM `sources`[0m
  [1m[35m (0.0ms)[0m  [1m[35mBEGIN[0m
  [1m[35mSQL (1.0ms)[0m  [1m[32mINSERT INTO `articles` (`title`, `url`, `source_id`, `category_id`, `created_at`, `updated_at`) VALUES ('Nulla et quas deleniti.', 'http://wolfroob.biz/diane', 3, 1, '2020-01-24 02:41:57', '2020-01-24 02:41:57')[0m
  [1m[35m (1.0ms)[0m  [1m[35mCOMMIT[0m
  [1m[36mCategory Load (0.0ms)[0m  [1m[34mSELECT `categories`.* FROM `categories`[0m
  [1m[36mSource Load (0.0ms)[0m  [1m[34mSELECT `sources`.* FROM `sources`[0m
  [1m[35m (0.0ms)[0m  [1m[35mBEGIN[0m
  [1m[35mSQL (1.0ms)[0m  [1m[32mINSERT INTO `articles` (`title`, `url`, `source_id`, `category_id`, `created_at`, `updated_at`) VALUES ('Aut mollitia corporis suscipit.', 'http://dibbert.name/eugene', 1, 10, '2020-01-24 02:41:57', '2020-01-24 02:41:57')[0m
  [1m[35m (1.0ms)[0m  [1m[35mCOMMIT[0m
  [1m[36mCategory Load (0.0ms)[0m  [1m[34mSELECT `categories`.* FROM `categories`[0m
  [1m[36mSource Load (1.0ms)[0m  [1m[34mSELECT `sources`.* FROM `sources`[0m
  [1m[35m (0.0ms)[0m  [1m[35mBEGIN[0m
  [1m[35mSQL (0.0ms)[0m  [1m[32mINSERT INTO `articles` (`title`, `url`, `source_id`, `category_id`, `created_at`, `updated_at`) VALUES ('Qui nihil in officiis.', 'http://champlinokon.biz/edmond', 9, 10, '2020-01-24 02:41:57', '2020-01-24 02:41:57')[0m
  [1m[35m (1.0ms)[0m  [1m[35mCOMMIT[0m
  [1m[36mCategory Load (0.0ms)[0m  [1m[34mSELECT `categories`.* FROM `categories`[0m
  [1m[36mSource Load (0.0ms)[0m  [1m[34mSELECT `sources`.* FROM `sources`[0m
  [1m[35m (0.0ms)[0m  [1m[35mBEGIN[0m
  [1m[35mSQL (1.0ms)[0m  [1m[32mINSERT INTO `articles` (`title`, `url`, `source_id`, `category_id`, `created_at`, `updated_at`) VALUES ('Quae alias vel est.', 'http://keebler.biz/donald', 9, 9, '2020-01-24 02:41:57', '2020-01-24 02:41:57')[0m
  [1m[35m (1.0ms)[0m  [1m[35mCOMMIT[0m
  [1m[36mCategory Load (0.0ms)[0m  [1m[34mSELECT `categories`.* FROM `categories`[0m
  [1m[36mSource Load (1.0ms)[0m  [1m[34mSELECT `sources`.* FROM `sources`[0m
  [1m[35m (0.0ms)[0m  [1m[35mBEGIN[0m
  [1m[35mSQL (0.0ms)[0m  [1m[32mINSERT INTO `articles` (`title`, `url`, `source_id`, `category_id`, `created_at`, `updated_at`) VALUES ('Natus et veniam molestias.', 'http://doyle.com/keira_muller', 7, 5, '2020-01-24 02:41:57', '2020-01-24 02:41:57')[0m
  [1m[35m (1.0ms)[0m  [1m[35mCOMMIT[0m
  [1m[36mCategory Load (1.0ms)[0m  [1m[34mSELECT `categories`.* FROM `categories`[0m
  [1m[36mSource Load (0.0ms)[0m  [1m[34mSELECT `sources`.* FROM `sources`[0m
  [1m[35m (0.0ms)[0m  [1m[35mBEGIN[0m
  [1m[35mSQL (1.0ms)[0m  [1m[32mINSERT INTO `articles` (`title`, `url`, `source_id`, `category_id`, `created_at`, `updated_at`) VALUES ('Quo nostrum quo corrupti.', 'http://bogisich.net/derrick', 7, 10, '2020-01-24 02:41:57', '2020-01-24 02:41:57')[0m
  [1m[35m (1.0ms)[0m  [1m[35mCOMMIT[0m
  [1m[36mCategory Load (0.0ms)[0m  [1m[34mSELECT `categories`.* FROM `categories`[0m
  [1m[36mSource Load (0.0ms)[0m  [1m[34mSELECT `sources`.* FROM `sources`[0m
  [1m[35m (0.0ms)[0m  [1m[35mBEGIN[0m
  [1m[35mSQL (1.0ms)[0m  [1m[32mINSERT INTO `articles` (`title`, `url`, `source_id`, `category_id`, `created_at`, `updated_at`) VALUES ('Cupiditate iusto velit est.', 'http://kunze.biz/elidia', 5, 5, '2020-01-24 02:41:57', '2020-01-24 02:41:57')[0m
  [1m[35m (1.0ms)[0m  [1m[35mCOMMIT[0m
  [1m[36mCategory Load (0.0ms)[0m  [1m[34mSELECT `categories`.* FROM `categories`[0m
  [1m[36mSource Load (0.0ms)[0m  [1m[34mSELECT `sources`.* FROM `sources`[0m
  [1m[35m (0.0ms)[0m  [1m[35mBEGIN[0m
  [1m[35mSQL (1.0ms)[0m  [1m[32mINSERT INTO `articles` (`title`, `url`, `source_id`, `category_id`, `created_at`, `updated_at`) VALUES ('Et distinctio placeat quos.', 'http://moen.name/benito', 10, 2, '2020-01-24 02:41:57', '2020-01-24 02:41:57')[0m
  [1m[35m (1.0ms)[0m  [1m[35mCOMMIT[0m
  [1m[36mCategory Load (0.0ms)[0m  [1m[34mSELECT `categories`.* FROM `categories`[0m
  [1m[36mSource Load (0.0ms)[0m  [1m[34mSELECT `sources`.* FROM `sources`[0m
  [1m[35m (1.0ms)[0m  [1m[35mBEGIN[0m
  [1m[35mSQL (1.0ms)[0m  [1m[32mINSERT INTO `articles` (`title`, `url`, `source_id`, `category_id`, `created_at`, `updated_at`) VALUES ('Est ducimus accusantium ipsam.', 'http://wyman.info/tracee_schamberger', 5, 4, '2020-01-24 02:41:57', '2020-01-24 02:41:57')[0m
  [1m[35m (1.0ms)[0m  [1m[35mCOMMIT[0m
  [1m[36mCategory Load (0.0ms)[0m  [1m[34mSELECT `categories`.* FROM `categories`[0m
  [1m[36mSource Load (1.0ms)[0m  [1m[34mSELECT `sources`.* FROM `sources`[0m
  [1m[35m (0.0ms)[0m  [1m[35mBEGIN[0m
  [1m[35mSQL (0.0ms)[0m  [1m[32mINSERT INTO `articles` (`title`, `url`, `source_id`, `category_id`, `created_at`, `updated_at`) VALUES ('Quia delectus at natus.', 'http://osinski.info/lou', 10, 9, '2020-01-24 02:41:57', '2020-01-24 02:41:57')[0m
  [1m[35m (1.0ms)[0m  [1m[35mCOMMIT[0m
  [1m[36mCategory Load (0.0ms)[0m  [1m[34mSELECT `categories`.* FROM `categories`[0m
  [1m[36mSource Load (0.0ms)[0m  [1m[34mSELECT `sources`.* FROM `sources`[0m
  [1m[35m (0.0ms)[0m  [1m[35mBEGIN[0m
  [1m[35mSQL (0.0ms)[0m  [1m[32mINSERT INTO `articles` (`title`, `url`, `source_id`, `category_id`, `created_at`, `updated_at`) VALUES ('Et nihil illum fugit.', 'http://jacobi.co/vicky', 8, 7, '2020-01-24 02:41:57', '2020-01-24 02:41:57')[0m
  [1m[35m (1.0ms)[0m  [1m[35mCOMMIT[0m
  [1m[36mCategory Load (0.0ms)[0m  [1m[34mSELECT `categories`.* FROM `categories`[0m
  [1m[36mSource Load (0.0ms)[0m  [1m[34mSELECT `sources`.* FROM `sources`[0m
  [1m[35m (0.0ms)[0m  [1m[35mBEGIN[0m
  [1m[35mSQL (0.0ms)[0m  [1m[32mINSERT INTO `articles` (`title`, `url`, `source_id`, `category_id`, `created_at`, `updated_at`) VALUES ('Eveniet odit distinctio sequi.', 'http://kaulkehoppe.org/erick.wolff', 6, 8, '2020-01-24 02:41:57', '2020-01-24 02:41:57')[0m
  [1m[35m (1.0ms)[0m  [1m[35mCOMMIT[0m
  [1m[36mCategory Load (1.0ms)[0m  [1m[34mSELECT `categories`.* FROM `categories`[0m
  [1m[36mSource Load (0.0ms)[0m  [1m[34mSELECT `sources`.* FROM `sources`[0m
  [1m[35m (0.0ms)[0m  [1m[35mBEGIN[0m
  [1m[35mSQL (1.0ms)[0m  [1m[32mINSERT INTO `articles` (`title`, `url`, `source_id`, `category_id`, `created_at`, `updated_at`) VALUES ('Deserunt et enim nobis.', 'http://waelchi.name/haydee', 4, 4, '2020-01-24 02:41:57', '2020-01-24 02:41:57')[0m
  [1m[35m (1.0ms)[0m  [1m[35mCOMMIT[0m
  [1m[36mCategory Load (0.0ms)[0m  [1m[34mSELECT `categories`.* FROM `categories`[0m
  [1m[36mSource Load (0.0ms)[0m  [1m[34mSELECT `sources`.* FROM `sources`[0m
  [1m[35m (0.0ms)[0m  [1m[35mBEGIN[0m
  [1m[35mSQL (0.0ms)[0m  [1m[32mINSERT INTO `articles` (`title`, `url`, `source_id`, `category_id`, `created_at`, `updated_at`) VALUES ('Sunt molestias voluptatem aliquam.', 'http://willms.info/shon', 10, 5, '2020-01-24 02:41:57', '2020-01-24 02:41:57')[0m
  [1m[35m (1.0ms)[0m  [1m[35mCOMMIT[0m
  [1m[36mCategory Load (0.0ms)[0m  [1m[34mSELECT `categories`.* FROM `categories`[0m
  [1m[36mSource Load (0.0ms)[0m  [1m[34mSELECT `sources`.* FROM `sources`[0m
  [1m[35m (0.0ms)[0m  [1m[35mBEGIN[0m
  [1m[35mSQL (1.0ms)[0m  [1m[32mINSERT INTO `articles` (`title`, `url`, `source_id`, `category_id`, `created_at`, `updated_at`) VALUES ('Minima aperiam aliquam id.', 'http://kerluke.co/maple', 6, 9, '2020-01-24 02:41:57', '2020-01-24 02:41:57')[0m
  [1m[35m (1.0ms)[0m  [1m[35mCOMMIT[0m
  [1m[36mCategory Load (0.0ms)[0m  [1m[34mSELECT `categories`.* FROM `categories`[0m
  [1m[36mSource Load (0.0ms)[0m  [1m[34mSELECT `sources`.* FROM `sources`[0m
  [1m[35m (1.0ms)[0m  [1m[35mBEGIN[0m
  [1m[35mSQL (1.0ms)[0m  [1m[32mINSERT INTO `articles` (`title`, `url`, `source_id`, `category_id`, `created_at`, `updated_at`) VALUES ('Nihil commodi ipsum doloremque.', 'http://hackett.io/maurice.ko', 4, 4, '2020-01-24 02:41:57', '2020-01-24 02:41:57')[0m
  [1m[35m (1.0ms)[0m  [1m[35mCOMMIT[0m
  [1m[36mCategory Load (0.0ms)[0m  [1m[34mSELECT `categories`.* FROM `categories`[0m
  [1m[36mSource Load (1.0ms)[0m  [1m[34mSELECT `sources`.* FROM `sources`[0m
  [1m[35m (0.0ms)[0m  [1m[35mBEGIN[0m
  [1m[35mSQL (0.0ms)[0m  [1m[32mINSERT INTO `articles` (`title`, `url`, `source_id`, `category_id`, `created_at`, `updated_at`) VALUES ('Blanditiis ut dolor earum.', 'http://herzog.info/bryan_mante', 9, 4, '2020-01-24 02:41:57', '2020-01-24 02:41:57')[0m
  [1m[35m (1.0ms)[0m  [1m[35mCOMMIT[0m
  [1m[36mCategory Load (0.0ms)[0m  [1m[34mSELECT `categories`.* FROM `categories`[0m
  [1m[36mSource Load (0.0ms)[0m  [1m[34mSELECT `sources`.* FROM `sources`[0m
  [1m[35m (1.0ms)[0m  [1m[35mBEGIN[0m
  [1m[35mSQL (0.0ms)[0m  [1m[32mINSERT INTO `articles` (`title`, `url`, `source_id`, `category_id`, `created_at`, `updated_at`) VALUES ('Est qui dolore odio.', 'http://kub.org/oswaldo', 8, 2, '2020-01-24 02:41:57', '2020-01-24 02:41:57')[0m
  [1m[35m (1.0ms)[0m  [1m[35mCOMMIT[0m
  [1m[36mCategory Load (0.0ms)[0m  [1m[34mSELECT `categories`.* FROM `categories`[0m
  [1m[36mSource Load (1.0ms)[0m  [1m[34mSELECT `sources`.* FROM `sources`[0m
  [1m[35m (0.0ms)[0m  [1m[35mBEGIN[0m
  [1m[35mSQL (0.0ms)[0m  [1m[32mINSERT INTO `articles` (`title`, `url`, `source_id`, `category_id`, `created_at`, `updated_at`) VALUES ('Aut deserunt consequatur quia.', 'http://parker.co/kasi', 5, 7, '2020-01-24 02:41:57', '2020-01-24 02:41:57')[0m
  [1m[35m (1.0ms)[0m  [1m[35mCOMMIT[0m
  [1m[36mCategory Load (1.0ms)[0m  [1m[34mSELECT `categories`.* FROM `categories`[0m
  [1m[36mSource Load (0.0ms)[0m  [1m[34mSELECT `sources`.* FROM `sources`[0m
  [1m[35m (0.0ms)[0m  [1m[35mBEGIN[0m
  [1m[35mSQL (0.0ms)[0m  [1m[32mINSERT INTO `articles` (`title`, `url`, `source_id`, `category_id`, `created_at`, `updated_at`) VALUES ('Accusamus voluptas earum et.', 'http://harberwitting.name/raelene_corkery', 4, 8, '2020-01-24 02:41:57', '2020-01-24 02:41:57')[0m
  [1m[35m (1.0ms)[0m  [1m[35mCOMMIT[0m
  [1m[36mCategory Load (0.0ms)[0m  [1m[34mSELECT `categories`.* FROM `categories`[0m
  [1m[36mSource Load (0.0ms)[0m  [1m[34mSELECT `sources`.* FROM `sources`[0m
  [1m[35m (1.0ms)[0m  [1m[35mBEGIN[0m
  [1m[35mSQL (0.0ms)[0m  [1m[32mINSERT INTO `articles` (`title`, `url`, `source_id`, `category_id`, `created_at`, `updated_at`) VALUES ('Hic dolorum sed quo.', 'http://hayes.name/wyatt.glover', 6, 2, '2020-01-24 02:41:57', '2020-01-24 02:41:57')[0m
  [1m[35m (1.0ms)[0m  [1m[35mCOMMIT[0m
  [1m[36mCategory Load (0.0ms)[0m  [1m[34mSELECT `categories`.* FROM `categories`[0m
  [1m[36mSource Load (0.0ms)[0m  [1m[34mSELECT `sources`.* FROM `sources`[0m
  [1m[35m (0.0ms)[0m  [1m[35mBEGIN[0m
  [1m[35mSQL (0.0ms)[0m  [1m[32mINSERT INTO `articles` (`title`, `url`, `source_id`, `category_id`, `created_at`, `updated_at`) VALUES ('Asperiores cumque quaerat et.', 'http://simoniseffertz.biz/bernard.green', 7, 3, '2020-01-24 02:41:57', '2020-01-24 02:41:57')[0m
  [1m[35m (1.0ms)[0m  [1m[35mCOMMIT[0m
  [1m[36mCategory Load (0.0ms)[0m  [1m[34mSELECT `categories`.* FROM `categories`[0m
  [1m[36mSource Load (0.0ms)[0m  [1m[34mSELECT `sources`.* FROM `sources`[0m
  [1m[35m (0.0ms)[0m  [1m[35mBEGIN[0m
  [1m[35mSQL (1.0ms)[0m  [1m[32mINSERT INTO `articles` (`title`, `url`, `source_id`, `category_id`, `created_at`, `updated_at`) VALUES ('Cupiditate alias animi nihil.', 'http://fahey.co/hwa_bayer', 8, 5, '2020-01-24 02:41:57', '2020-01-24 02:41:57')[0m
  [1m[35m (1.0ms)[0m  [1m[35mCOMMIT[0m
  [1m[36mCategory Load (0.0ms)[0m  [1m[34mSELECT `categories`.* FROM `categories`[0m
  [1m[36mSource Load (0.0ms)[0m  [1m[34mSELECT `sources`.* FROM `sources`[0m
  [1m[35m (1.0ms)[0m  [1m[35mBEGIN[0m
  [1m[35mSQL (1.0ms)[0m  [1m[32mINSERT INTO `articles` (`title`, `url`, `source_id`, `category_id`, `created_at`, `updated_at`) VALUES ('Molestiae et dolores et.', 'http://lueilwitz.org/alejandro_moriette', 1, 10, '2020-01-24 02:41:57', '2020-01-24 02:41:57')[0m
  [1m[35m (1.0ms)[0m  [1m[35mCOMMIT[0m
  [1m[36mCategory Load (0.0ms)[0m  [1m[34mSELECT `categories`.* FROM `categories`[0m
  [1m[36mSource Load (0.0ms)[0m  [1m[34mSELECT `sources`.* FROM `sources`[0m
  [1m[35m (0.0ms)[0m  [1m[35mBEGIN[0m
  [1m[35mSQL (1.0ms)[0m  [1m[32mINSERT INTO `articles` (`title`, `url`, `source_id`, `category_id`, `created_at`, `updated_at`) VALUES ('Nemo magni non laborum.', 'http://gerhold.net/aldo', 2, 5, '2020-01-24 02:41:57', '2020-01-24 02:41:57')[0m
  [1m[35m (1.0ms)[0m  [1m[35mCOMMIT[0m
  [1m[36mCategory Load (0.0ms)[0m  [1m[34mSELECT `categories`.* FROM `categories`[0m
  [1m[36mSource Load (0.0ms)[0m  [1m[34mSELECT `sources`.* FROM `sources`[0m
  [1m[35m (0.0ms)[0m  [1m[35mBEGIN[0m
  [1m[35mSQL (0.0ms)[0m  [1m[32mINSERT INTO `articles` (`title`, `url`, `source_id`, `category_id`, `created_at`, `updated_at`) VALUES ('Ut officiis adipisci nulla.', 'http://gleason.co/numbers', 10, 9, '2020-01-24 02:41:57', '2020-01-24 02:41:57')[0m
  [1m[35m (1.0ms)[0m  [1m[35mCOMMIT[0m
  [1m[36mCategory Load (0.0ms)[0m  [1m[34mSELECT `categories`.* FROM `categories`[0m
  [1m[36mSource Load (0.0ms)[0m  [1m[34mSELECT `sources`.* FROM `sources`[0m
  [1m[35m (0.0ms)[0m  [1m[35mBEGIN[0m
  [1m[35mSQL (0.0ms)[0m  [1m[32mINSERT INTO `articles` (`title`, `url`, `source_id`, `category_id`, `created_at`, `updated_at`) VALUES ('Et quaerat aperiam perferendis.', 'http://kulas.info/cole', 6, 5, '2020-01-24 02:41:57', '2020-01-24 02:41:57')[0m
  [1m[35m (1.0ms)[0m  [1m[35mCOMMIT[0m
  [1m[36mCategory Load (0.0ms)[0m  [1m[34mSELECT `categories`.* FROM `categories`[0m
  [1m[36mSource Load (1.0ms)[0m  [1m[34mSELECT `sources`.* FROM `sources`[0m
  [1m[35m (0.0ms)[0m  [1m[35mBEGIN[0m
  [1m[35mSQL (1.0ms)[0m  [1m[32mINSERT INTO `articles` (`title`, `url`, `source_id`, `category_id`, `created_at`, `updated_at`) VALUES ('Velit explicabo quae suscipit.', 'http://wehner.io/demetrice', 8, 2, '2020-01-24 02:41:57', '2020-01-24 02:41:57')[0m
  [1m[35m (1.0ms)[0m  [1m[35mCOMMIT[0m
  [1m[36mCategory Load (1.0ms)[0m  [1m[34mSELECT `categories`.* FROM `categories`[0m
  [1m[36mSource Load (0.0ms)[0m  [1m[34mSELECT `sources`.* FROM `sources`[0m
  [1m[35m (0.0ms)[0m  [1m[35mBEGIN[0m
  [1m[35mSQL (0.0ms)[0m  [1m[32mINSERT INTO `articles` (`title`, `url`, `source_id`, `category_id`, `created_at`, `updated_at`) VALUES ('Qui esse aperiam quia.', 'http://lubowitz.io/clayton', 8, 7, '2020-01-24 02:41:57', '2020-01-24 02:41:57')[0m
  [1m[35m (1.0ms)[0m  [1m[35mCOMMIT[0m
  [1m[36mCategory Load (0.0ms)[0m  [1m[34mSELECT `categories`.* FROM `categories`[0m
  [1m[36mSource Load (0.0ms)[0m  [1m[34mSELECT `sources`.* FROM `sources`[0m
  [1m[35m (0.0ms)[0m  [1m[35mBEGIN[0m
  [1m[35mSQL (1.0ms)[0m  [1m[32mINSERT INTO `articles` (`title`, `url`, `source_id`, `category_id`, `created_at`, `updated_at`) VALUES ('Architecto ea necessitatibus voluptatum.', 'http://deckow.biz/alfonso_padberg', 2, 3, '2020-01-24 02:41:57', '2020-01-24 02:41:57')[0m
  [1m[35m (1.0ms)[0m  [1m[35mCOMMIT[0m
  [1m[36mCategory Load (0.0ms)[0m  [1m[34mSELECT `categories`.* FROM `categories`[0m
  [1m[36mSource Load (1.0ms)[0m  [1m[34mSELECT `sources`.* FROM `sources`[0m
  [1m[35m (0.0ms)[0m  [1m[35mBEGIN[0m
  [1m[35mSQL (0.0ms)[0m  [1m[32mINSERT INTO `articles` (`title`, `url`, `source_id`, `category_id`, `created_at`, `updated_at`) VALUES ('Corporis consequuntur blanditiis temporibus.', 'http://hegmann.net/ezequiel', 8, 4, '2020-01-24 02:41:57', '2020-01-24 02:41:57')[0m
  [1m[35m (1.0ms)[0m  [1m[35mCOMMIT[0m
  [1m[36mCategory Load (0.0ms)[0m  [1m[34mSELECT `categories`.* FROM `categories`[0m
  [1m[36mSource Load (0.0ms)[0m  [1m[34mSELECT `sources`.* FROM `sources`[0m
  [1m[35m (0.0ms)[0m  [1m[35mBEGIN[0m
  [1m[35mSQL (0.0ms)[0m  [1m[32mINSERT INTO `articles` (`title`, `url`, `source_id`, `category_id`, `created_at`, `updated_at`) VALUES ('Ut enim beatae totam.', 'http://schaden.io/eli_mcglynn', 8, 1, '2020-01-24 02:41:57', '2020-01-24 02:41:57')[0m
  [1m[35m (1.0ms)[0m  [1m[35mCOMMIT[0m
  [1m[36mCategory Load (1.0ms)[0m  [1m[34mSELECT `categories`.* FROM `categories`[0m
  [1m[36mSource Load (0.0ms)[0m  [1m[34mSELECT `sources`.* FROM `sources`[0m
  [1m[35m (0.0ms)[0m  [1m[35mBEGIN[0m
  [1m[35mSQL (0.0ms)[0m  [1m[32mINSERT INTO `articles` (`title`, `url`, `source_id`, `category_id`, `created_at`, `updated_at`) VALUES ('Mollitia sint reprehenderit minima.', 'http://wilkinson.name/marco_oberbrunner', 7, 2, '2020-01-24 02:41:57', '2020-01-24 02:41:57')[0m
  [1m[35m (1.0ms)[0m  [1m[35mCOMMIT[0m
  [1m[36mCategory Load (1.0ms)[0m  [1m[34mSELECT `categories`.* FROM `categories`[0m
  [1m[36mSource Load (0.0ms)[0m  [1m[34mSELECT `sources`.* FROM `sources`[0m
  [1m[35m (0.0ms)[0m  [1m[35mBEGIN[0m
  [1m[35mSQL (0.0ms)[0m  [1m[32mINSERT INTO `articles` (`title`, `url`, `source_id`, `category_id`, `created_at`, `updated_at`) VALUES ('Qui sequi cumque eum.', 'http://zemlakvonrueden.biz/garfield', 5, 4, '2020-01-24 02:41:57', '2020-01-24 02:41:57')[0m
  [1m[35m (1.0ms)[0m  [1m[35mCOMMIT[0m
  [1m[36mCategory Load (0.0ms)[0m  [1m[34mSELECT `categories`.* FROM `categories`[0m
  [1m[36mSource Load (0.0ms)[0m  [1m[34mSELECT `sources`.* FROM `sources`[0m
  [1m[35m (0.0ms)[0m  [1m[35mBEGIN[0m
  [1m[35mSQL (1.0ms)[0m  [1m[32mINSERT INTO `articles` (`title`, `url`, `source_id`, `category_id`, `created_at`, `updated_at`) VALUES ('Velit consequatur tenetur excepturi.', 'http://bailey.name/jimmie', 4, 1, '2020-01-24 02:41:57', '2020-01-24 02:41:57')[0m
  [1m[35m (1.0ms)[0m  [1m[35mCOMMIT[0m
Started GET "/categories.json" for ::1 at 2020-01-23 21:42:17 -0500
Processing by CategoriesController#index as JSON
  Rendering categories/index.json.jbuilder
  [1m[36mCategory Load (1.0ms)[0m  [1m[34mSELECT `categories`.* FROM `categories`[0m
  Rendered categories/index.json.jbuilder (39.9ms)
Completed 200 OK in 78ms (Views: 48.7ms | ActiveRecord: 10.0ms)


Started GET "/articles.json" for ::1 at 2020-01-23 21:42:27 -0500
Processing by ArticlesController#index as JSON
  Rendering articles/index.json.jbuilder
  [1m[36mArticle Load (2.0ms)[0m  [1m[34mSELECT `articles`.* FROM `articles`[0m
  [1m[36mCategory Load (1.0ms)[0m  [1m[34mSELECT  `categories`.* FROM `categories` WHERE `categories`.`id` = 2 LIMIT 1[0m
  Rendered categories/_category.json.jbuilder (0.0ms)
  [1m[36mCategory Load (0.0ms)[0m  [1m[34mSELECT  `categories`.* FROM `categories` WHERE `categories`.`id` = 1 LIMIT 1[0m
  Rendered categories/_category.json.jbuilder (1.0ms)
  [1m[36mCategory Load (1.0ms)[0m  [1m[34mSELECT  `categories`.* FROM `categories` WHERE `categories`.`id` = 10 LIMIT 1[0m
  Rendered categories/_category.json.jbuilder (0.0ms)
  [1m[36mCACHE Category Load (0.0ms)[0m  [1m[34mSELECT  `categories`.* FROM `categories` WHERE `categories`.`id` = 2 LIMIT 1[0m  [["id", 2], ["LIMIT", 1]]
  Rendered categories/_category.json.jbuilder (0.0ms)
  [1m[36mCategory Load (0.0ms)[0m  [1m[34mSELECT  `categories`.* FROM `categories` WHERE `categories`.`id` = 9 LIMIT 1[0m
  Rendered categories/_category.json.jbuilder (0.0ms)
  [1m[36mCategory Load (1.0ms)[0m  [1m[34mSELECT  `categories`.* FROM `categories` WHERE `categories`.`id` = 5 LIMIT 1[0m
  Rendered categories/_category.json.jbuilder (0.0ms)
  [1m[36mCategory Load (1.0ms)[0m  [1m[34mSELECT  `categories`.* FROM `categories` WHERE `categories`.`id` = 7 LIMIT 1[0m
  Rendered categories/_category.json.jbuilder (0.0ms)
  [1m[36mCACHE Category Load (0.0ms)[0m  [1m[34mSELECT  `categories`.* FROM `categories` WHERE `categories`.`id` = 10 LIMIT 1[0m  [["id", 10], ["LIMIT", 1]]
  Rendered categories/_category.json.jbuilder (0.0ms)
  [1m[36mCategory Load (0.0ms)[0m  [1m[34mSELECT  `categories`.* FROM `categories` WHERE `categories`.`id` = 4 LIMIT 1[0m
  Rendered categories/_category.json.jbuilder (0.0ms)
  [1m[36mCACHE Category Load (0.0ms)[0m  [1m[34mSELECT  `categories`.* FROM `categories` WHERE `categories`.`id` = 2 LIMIT 1[0m  [["id", 2], ["LIMIT", 1]]
  Rendered categories/_category.json.jbuilder (0.0ms)
  [1m[36mCACHE Category Load (0.0ms)[0m  [1m[34mSELECT  `categories`.* FROM `categories` WHERE `categories`.`id` = 9 LIMIT 1[0m  [["id", 9], ["LIMIT", 1]]
  Rendered categories/_category.json.jbuilder (1.0ms)
  [1m[36mCACHE Category Load (0.0ms)[0m  [1m[34mSELECT  `categories`.* FROM `categories` WHERE `categories`.`id` = 4 LIMIT 1[0m  [["id", 4], ["LIMIT", 1]]
  Rendered categories/_category.json.jbuilder (0.0ms)
  [1m[36mCACHE Category Load (0.0ms)[0m  [1m[34mSELECT  `categories`.* FROM `categories` WHERE `categories`.`id` = 2 LIMIT 1[0m  [["id", 2], ["LIMIT", 1]]
  Rendered categories/_category.json.jbuilder (0.0ms)
  [1m[36mCACHE Category Load (0.0ms)[0m  [1m[34mSELECT  `categories`.* FROM `categories` WHERE `categories`.`id` = 4 LIMIT 1[0m  [["id", 4], ["LIMIT", 1]]
  Rendered categories/_category.json.jbuilder (0.0ms)
  [1m[36mCategory Load (1.0ms)[0m  [1m[34mSELECT  `categories`.* FROM `categories` WHERE `categories`.`id` = 6 LIMIT 1[0m
  Rendered categories/_category.json.jbuilder (1.0ms)
  [1m[36mCACHE Category Load (0.0ms)[0m  [1m[34mSELECT  `categories`.* FROM `categories` WHERE `categories`.`id` = 1 LIMIT 1[0m  [["id", 1], ["LIMIT", 1]]
  Rendered categories/_category.json.jbuilder (0.0ms)
  [1m[36mCACHE Category Load (0.0ms)[0m  [1m[34mSELECT  `categories`.* FROM `categories` WHERE `categories`.`id` = 10 LIMIT 1[0m  [["id", 10], ["LIMIT", 1]]
  Rendered categories/_category.json.jbuilder (0.0ms)
  [1m[36mCACHE Category Load (0.0ms)[0m  [1m[34mSELECT  `categories`.* FROM `categories` WHERE `categories`.`id` = 10 LIMIT 1[0m  [["id", 10], ["LIMIT", 1]]
  Rendered categories/_category.json.jbuilder (0.0ms)
  [1m[36mCACHE Category Load (0.0ms)[0m  [1m[34mSELECT  `categories`.* FROM `categories` WHERE `categories`.`id` = 9 LIMIT 1[0m  [["id", 9], ["LIMIT", 1]]
  Rendered categories/_category.json.jbuilder (1.0ms)
  [1m[36mCACHE Category Load (0.0ms)[0m  [1m[34mSELECT  `categories`.* FROM `categories` WHERE `categories`.`id` = 5 LIMIT 1[0m  [["id", 5], ["LIMIT", 1]]
  Rendered categories/_category.json.jbuilder (0.0ms)
  [1m[36mCACHE Category Load (0.0ms)[0m  [1m[34mSELECT  `categories`.* FROM `categories` WHERE `categories`.`id` = 10 LIMIT 1[0m  [["id", 10], ["LIMIT", 1]]
  Rendered categories/_category.json.jbuilder (0.0ms)
  [1m[36mCACHE Category Load (0.0ms)[0m  [1m[34mSELECT  `categories`.* FROM `categories` WHERE `categories`.`id` = 5 LIMIT 1[0m  [["id", 5], ["LIMIT", 1]]
  Rendered categories/_category.json.jbuilder (0.0ms)
  [1m[36mCACHE Category Load (0.0ms)[0m  [1m[34mSELECT  `categories`.* FROM `categories` WHERE `categories`.`id` = 2 LIMIT 1[0m  [["id", 2], ["LIMIT", 1]]
  Rendered categories/_category.json.jbuilder (0.0ms)
  [1m[36mCACHE Category Load (0.0ms)[0m  [1m[34mSELECT  `categories`.* FROM `categories` WHERE `categories`.`id` = 4 LIMIT 1[0m  [["id", 4], ["LIMIT", 1]]
  Rendered categories/_category.json.jbuilder (0.0ms)
  [1m[36mCACHE Category Load (0.0ms)[0m  [1m[34mSELECT  `categories`.* FROM `categories` WHERE `categories`.`id` = 9 LIMIT 1[0m  [["id", 9], ["LIMIT", 1]]
  Rendered categories/_category.json.jbuilder (0.0ms)
  [1m[36mCACHE Category Load (0.0ms)[0m  [1m[34mSELECT  `categories`.* FROM `categories` WHERE `categories`.`id` = 7 LIMIT 1[0m  [["id", 7], ["LIMIT", 1]]
  Rendered categories/_category.json.jbuilder (0.0ms)
  [1m[36mCategory Load (0.0ms)[0m  [1m[34mSELECT  `categories`.* FROM `categories` WHERE `categories`.`id` = 8 LIMIT 1[0m
  Rendered categories/_category.json.jbuilder (1.0ms)
  [1m[36mCACHE Category Load (0.0ms)[0m  [1m[34mSELECT  `categories`.* FROM `categories` WHERE `categories`.`id` = 4 LIMIT 1[0m  [["id", 4], ["LIMIT", 1]]
  Rendered categories/_category.json.jbuilder (1.0ms)
  [1m[36mCACHE Category Load (0.0ms)[0m  [1m[34mSELECT  `categories`.* FROM `categories` WHERE `categories`.`id` = 5 LIMIT 1[0m  [["id", 5], ["LIMIT", 1]]
  Rendered categories/_category.json.jbuilder (0.0ms)
  [1m[36mCACHE Category Load (0.0ms)[0m  [1m[34mSELECT  `categories`.* FROM `categories` WHERE `categories`.`id` = 9 LIMIT 1[0m  [["id", 9], ["LIMIT", 1]]
  Rendered categories/_category.json.jbuilder (0.0ms)
  [1m[36mCACHE Category Load (0.0ms)[0m  [1m[34mSELECT  `categories`.* FROM `categories` WHERE `categories`.`id` = 4 LIMIT 1[0m  [["id", 4], ["LIMIT", 1]]
  Rendered categories/_category.json.jbuilder (0.0ms)
  [1m[36mCACHE Category Load (0.0ms)[0m  [1m[34mSELECT  `categories`.* FROM `categories` WHERE `categories`.`id` = 4 LIMIT 1[0m  [["id", 4], ["LIMIT", 1]]
  Rendered categories/_category.json.jbuilder (0.0ms)
  [1m[36mCACHE Category Load (0.0ms)[0m  [1m[34mSELECT  `categories`.* FROM `categories` WHERE `categories`.`id` = 2 LIMIT 1[0m  [["id", 2], ["LIMIT", 1]]
  Rendered categories/_category.json.jbuilder (1.0ms)
  [1m[36mCACHE Category Load (0.0ms)[0m  [1m[34mSELECT  `categories`.* FROM `categories` WHERE `categories`.`id` = 7 LIMIT 1[0m  [["id", 7], ["LIMIT", 1]]
  Rendered categories/_category.json.jbuilder (0.0ms)
  [1m[36mCACHE Category Load (0.0ms)[0m  [1m[34mSELECT  `categories`.* FROM `categories` WHERE `categories`.`id` = 8 LIMIT 1[0m  [["id", 8], ["LIMIT", 1]]
  Rendered categories/_category.json.jbuilder (1.0ms)
  [1m[36mCACHE Category Load (0.0ms)[0m  [1m[34mSELECT  `categories`.* FROM `categories` WHERE `categories`.`id` = 2 LIMIT 1[0m  [["id", 2], ["LIMIT", 1]]
  Rendered categories/_category.json.jbuilder (0.0ms)
  [1m[36mCategory Load (0.5ms)[0m  [1m[34mSELECT  `categories`.* FROM `categories` WHERE `categories`.`id` = 3 LIMIT 1[0m
  Rendered categories/_category.json.jbuilder (0.0ms)
  [1m[36mCACHE Category Load (0.0ms)[0m  [1m[34mSELECT  `categories`.* FROM `categories` WHERE `categories`.`id` = 5 LIMIT 1[0m  [["id", 5], ["LIMIT", 1]]
  Rendered categories/_category.json.jbuilder (0.0ms)
  [1m[36mCACHE Category Load (0.0ms)[0m  [1m[34mSELECT  `categories`.* FROM `categories` WHERE `categories`.`id` = 10 LIMIT 1[0m  [["id", 10], ["LIMIT", 1]]
  Rendered categories/_category.json.jbuilder (1.0ms)
  [1m[36mCACHE Category Load (0.0ms)[0m  [1m[34mSELECT  `categories`.* FROM `categories` WHERE `categories`.`id` = 5 LIMIT 1[0m  [["id", 5], ["LIMIT", 1]]
  Rendered categories/_category.json.jbuilder (0.0ms)
  [1m[36mCACHE Category Load (0.0ms)[0m  [1m[34mSELECT  `categories`.* FROM `categories` WHERE `categories`.`id` = 9 LIMIT 1[0m  [["id", 9], ["LIMIT", 1]]
  Rendered categories/_category.json.jbuilder (0.0ms)
  [1m[36mCACHE Category Load (0.0ms)[0m  [1m[34mSELECT  `categories`.* FROM `categories` WHERE `categories`.`id` = 5 LIMIT 1[0m  [["id", 5], ["LIMIT", 1]]
  Rendered categories/_category.json.jbuilder (0.0ms)
  [1m[36mCACHE Category Load (0.0ms)[0m  [1m[34mSELECT  `categories`.* FROM `categories` WHERE `categories`.`id` = 2 LIMIT 1[0m  [["id", 2], ["LIMIT", 1]]
  Rendered categories/_category.json.jbuilder (1.0ms)
  [1m[36mCACHE Category Load (0.0ms)[0m  [1m[34mSELECT  `categories`.* FROM `categories` WHERE `categories`.`id` = 7 LIMIT 1[0m  [["id", 7], ["LIMIT", 1]]
  Rendered categories/_category.json.jbuilder (1.0ms)
  [1m[36mCACHE Category Load (0.0ms)[0m  [1m[34mSELECT  `categories`.* FROM `categories` WHERE `categories`.`id` = 3 LIMIT 1[0m  [["id", 3], ["LIMIT", 1]]
  Rendered categories/_category.json.jbuilder (0.0ms)
  [1m[36mCACHE Category Load (0.0ms)[0m  [1m[34mSELECT  `categories`.* FROM `categories` WHERE `categories`.`id` = 4 LIMIT 1[0m  [["id", 4], ["LIMIT", 1]]
  Rendered categories/_category.json.jbuilder (0.0ms)
  [1m[36mCACHE Category Load (0.0ms)[0m  [1m[34mSELECT  `categories`.* FROM `categories` WHERE `categories`.`id` = 1 LIMIT 1[0m  [["id", 1], ["LIMIT", 1]]
  Rendered categories/_category.json.jbuilder (0.0ms)
  [1m[36mCACHE Category Load (0.0ms)[0m  [1m[34mSELECT  `categories`.* FROM `categories` WHERE `categories`.`id` = 2 LIMIT 1[0m  [["id", 2], ["LIMIT", 1]]
  Rendered categories/_category.json.jbuilder (0.0ms)
  [1m[36mCACHE Category Load (0.0ms)[0m  [1m[34mSELECT  `categories`.* FROM `categories` WHERE `categories`.`id` = 4 LIMIT 1[0m  [["id", 4], ["LIMIT", 1]]
  Rendered categories/_category.json.jbuilder (0.0ms)
  [1m[36mCACHE Category Load (0.0ms)[0m  [1m[34mSELECT  `categories`.* FROM `categories` WHERE `categories`.`id` = 1 LIMIT 1[0m  [["id", 1], ["LIMIT", 1]]
  Rendered categories/_category.json.jbuilder (0.0ms)
  Rendered articles/index.json.jbuilder (2375.5ms)
Completed 200 OK in 2418ms (Views: 2381.0ms | ActiveRecord: 14.4ms)


